<?xml version="1.0" encoding="UTF-8"?>
<!-- Generated by org.testng.reporters.JUnitReportReporter -->
<testsuite skipped="0" hostname="VEV-IN" name="org.oracle.ParallelExecMethodD" tests="3" failures="0" timestamp="08 Sep 2020 15:18:45 GMT" time="0.037" errors="0">
  <testcase name="tcD1" time="0.008" classname="org.oracle.ParallelExecMethodD"/>
  <testcase name="tcD2" time="0.016" classname="org.oracle.ParallelExecMethodD"/>
  <testcase name="tcD3" time="0.013" classname="org.oracle.ParallelExecMethodD"/>
</testsuite> <!-- org.oracle.ParallelExecMethodD -->
