<?xml version="1.0" encoding="UTF-8"?>
<!-- Generated by org.testng.reporters.JUnitReportReporter -->
<testsuite skipped="0" hostname="VEV-IN" name="org.oracle.SetDependency" tests="6" failures="0" timestamp="07 Sep 2020 16:51:34 GMT" time="0.116" errors="0">
  <testcase name="tc4" time="0.056" classname="org.oracle.SetDependency"/>
  <testcase name="tc3" time="0.004" classname="org.oracle.SetDependency"/>
  <testcase name="tc5" time="0.026" classname="org.oracle.SetDependency"/>
  <testcase name="tc1" time="0.018" classname="org.oracle.SetDependency"/>
  <testcase name="tc6" time="0.005" classname="org.oracle.SetDependency"/>
  <testcase name="tc2" time="0.007" classname="org.oracle.SetDependency"/>
</testsuite> <!-- org.oracle.SetDependency -->
