<?xml version="1.0" encoding="UTF-8"?>
<!-- Generated by org.testng.reporters.JUnitReportReporter -->
<testsuite skipped="1" hostname="VEV-IN" name="org.oracle.TestngFirst" tests="6" failures="0" timestamp="01 Sep 2020 17:05:52 GMT" time="21.117" errors="0">
  <testcase name="login2" time="9.958" classname="org.oracle.TestngFirst"/>
  <testcase name="login1" time="3.505" classname="org.oracle.TestngFirst"/>
  <testcase name="login6" time="2.418" classname="org.oracle.TestngFirst"/>
  <testcase name="login5" time="2.516" classname="org.oracle.TestngFirst"/>
  <testcase name="login4" time="2.720" classname="org.oracle.TestngFirst"/>
  <testcase name="login3" classname="org.oracle.TestngFirst">
    <skipped/>
  </testcase> <!-- login3 -->
</testsuite> <!-- org.oracle.TestngFirst -->
