<?xml version="1.0" encoding="UTF-8"?>
<!-- Generated by org.testng.reporters.JUnitReportReporter -->
<testsuite skipped="0" hostname="VEV-IN" name="org.oracle.ParallelExecMethodB" tests="3" failures="0" timestamp="08 Sep 2020 15:18:45 GMT" time="0.037" errors="0">
  <testcase name="tcB3" time="0.006" classname="org.oracle.ParallelExecMethodB"/>
  <testcase name="tcB1" time="0.023" classname="org.oracle.ParallelExecMethodB"/>
  <testcase name="tcB2" time="0.008" classname="org.oracle.ParallelExecMethodB"/>
</testsuite> <!-- org.oracle.ParallelExecMethodB -->
