<?xml version="1.0" encoding="UTF-8"?>
<!-- Generated by org.testng.reporters.JUnitReportReporter -->
<testsuite skipped="0" hostname="VEV-IN" name="org.oracle.ParallelExecMethodA" tests="3" failures="0" timestamp="08 Sep 2020 15:18:45 GMT" time="0.099" errors="0">
  <testcase name="tcA3" time="0.009" classname="org.oracle.ParallelExecMethodA"/>
  <testcase name="tcA1" time="0.077" classname="org.oracle.ParallelExecMethodA"/>
  <testcase name="tcA2" time="0.013" classname="org.oracle.ParallelExecMethodA"/>
</testsuite> <!-- org.oracle.ParallelExecMethodA -->
