<?xml version="1.0" encoding="UTF-8"?>
<!-- Generated by org.testng.reporters.JUnitReportReporter -->
<testsuite skipped="0" hostname="VEV-IN" name="org.oracle.AppLoginParameter" tests="2" failures="0" timestamp="07 Sep 2020 16:45:21 GMT" time="33.835" errors="0">
  <testcase name="login1" time="10.786" classname="org.oracle.AppLoginParameter"/>
  <testcase name="search" time="23.049" classname="org.oracle.AppLoginParameter"/>
</testsuite> <!-- org.oracle.AppLoginParameter -->
