<?xml version="1.0" encoding="UTF-8"?>
<!-- Generated by org.testng.reporters.JUnitReportReporter -->
<testsuite skipped="0" hostname="VEV-IN" name="org.oracle.ParallelExecMethodC" tests="3" failures="0" timestamp="08 Sep 2020 15:18:45 GMT" time="0.118" errors="0">
  <testcase name="tcC2" time="0.016" classname="org.oracle.ParallelExecMethodC"/>
  <testcase name="tcC1" time="0.077" classname="org.oracle.ParallelExecMethodC"/>
  <testcase name="tcC3" time="0.025" classname="org.oracle.ParallelExecMethodC"/>
</testsuite> <!-- org.oracle.ParallelExecMethodC -->
